[    0.000000] Initializing cgroup subsys cpuset
[    0.000000] Initializing cgroup subsys cpu
[    0.000000] Initializing cgroup subsys cpuacct
[    0.000000] Linux version 4.4.0-92-generic (buildd@lcy01-17) (gcc version 5.4.0 20160609 (Ubuntu 5.4.0-6ubuntu1~16.04.4) ) #115-Ubuntu SMP Thu Aug 10 09:04:33 UTC 2017 (Ubuntu 4.4.0-92.115-generic 4.4.76)
[    0.000000] Command line: BOOT_IMAGE=/boot/vmlinuz-4.4.0-92-generic root=LABEL=cloudimg-rootfs ro console=tty1 console=ttyS0
[    0.000000] KERNEL supported cpus:
[    0.000000]   Intel GenuineIntel
[    0.000000]   AMD AuthenticAMD
[    0.000000]   Centaur CentaurHauls
[    0.000000] x86/fpu: xstate_offset[2]:  576, xstate_sizes[2]:  256
[    0.000000] x86/fpu: Supporting XSAVE feature 0x01: 'x87 floating point registers'
[    0.000000] x86/fpu: Supporting XSAVE feature 0x02: 'SSE registers'
[    0.000000] x86/fpu: Supporting XSAVE feature 0x04: 'AVX registers'
[    0.000000] x86/fpu: Enabled xstate features 0x7, context size is 832 bytes, using 'standard' format.
[    0.000000] x86/fpu: Using 'lazy' FPU context switches.
[    0.000000] e820: BIOS-provided physical RAM map:
[    0.000000] BIOS-e820: [mem 0x0000000000000000-0x000000000009fbff] usable
[    0.000000] BIOS-e820: [mem 0x000000000009fc00-0x000000000009ffff] reserved
[    0.000000] BIOS-e820: [mem 0x00000000000f0000-0x00000000000fffff] reserved
[    0.000000] BIOS-e820: [mem 0x0000000000100000-0x00000000c17effff] usable
[    0.000000] BIOS-e820: [mem 0x00000000c17f0000-0x00000000c17fffff] ACPI data
[    0.000000] BIOS-e820: [mem 0x00000000fec00000-0x00000000fec00fff] reserved
[    0.000000] BIOS-e820: [mem 0x00000000fee00000-0x00000000fee00fff] reserved
[    0.000000] BIOS-e820: [mem 0x00000000fffc0000-0x00000000ffffffff] reserved
[    0.000000] NX (Execute Disable) protection: active
[    0.000000] SMBIOS 2.5 present.
[    0.000000] Hypervisor detected: KVM
[    0.000000] e820: last_pfn = 0xc17f0 max_arch_pfn = 0x400000000
[    0.000000] MTRR: Disabled
[    0.000000] x86/PAT: MTRRs disabled, skipping PAT initialization too.
[    0.000000] x86/PAT: Configuration [0-7]: WB  WT  UC- UC  WB  WT  UC- UC  
[    0.000000] CPU MTRRs all blank - virtualized system.
[    0.000000] found SMP MP-table at [mem 0x0009fff0-0x0009ffff] mapped at [ffff88000009fff0]
[    0.000000] Scanning 1 areas for low memory corruption
[    0.000000] RAMDISK: [mem 0x36aca000-0x3755cfff]
[    0.000000] ACPI: Early table checksum verification disabled
[    0.000000] ACPI: RSDP 0x00000000000E0000 000024 (v02 VBOX  )
[    0.000000] ACPI: XSDT 0x00000000C17F0030 00003C (v01 VBOX   VBOXXSDT 00000001 ASL  00000061)
[    0.000000] ACPI: FACP 0x00000000C17F00F0 0000F4 (v04 VBOX   VBOXFACP 00000001 ASL  00000061)
[    0.000000] ACPI: DSDT 0x00000000C17F0470 0021C8 (v02 VBOX   VBOXBIOS 00000002 INTL 20160831)
[    0.000000] ACPI: FACS 0x00000000C17F0200 000040
[    0.000000] ACPI: FACS 0x00000000C17F0200 000040
[    0.000000] ACPI: APIC 0x00000000C17F0240 00005C (v02 VBOX   VBOXAPIC 00000001 ASL  00000061)
[    0.000000] ACPI: SSDT 0x00000000C17F02A0 0001CC (v01 VBOX   VBOXCPUT 00000002 INTL 20160831)
[    0.000000] No NUMA configuration found
[    0.000000] Faking a node at [mem 0x0000000000000000-0x00000000c17effff]
[    0.000000] NODE_DATA(0) allocated [mem 0xc17eb000-0xc17effff]
[    0.000000] kvm-clock: Using msrs 4b564d01 and 4b564d00
[    0.000000] kvm-clock: cpu 0, msr 0:c17e3001, primary cpu clock
[    0.000000] kvm-clock: using sched offset of 3008764158 cycles
[    0.000000] clocksource: kvm-clock: mask: 0xffffffffffffffff max_cycles: 0x1cd42e4dffb, max_idle_ns: 881590591483 ns
[    0.000000] Zone ranges:
[    0.000000]   DMA      [mem 0x0000000000001000-0x0000000000ffffff]
[    0.000000]   DMA32    [mem 0x0000000001000000-0x00000000c17effff]
[    0.000000]   Normal   empty
[    0.000000]   Device   empty
[    0.000000] Movable zone start for each node
[    0.000000] Early memory node ranges
[    0.000000]   node   0: [mem 0x0000000000001000-0x000000000009efff]
[    0.000000]   node   0: [mem 0x0000000000100000-0x00000000c17effff]
[    0.000000] Initmem setup node 0 [mem 0x0000000000001000-0x00000000c17effff]
[    0.000000] ACPI: PM-Timer IO Port: 0x4008
[    0.000000] IOAPIC[0]: apic_id 2, version 32, address 0xfec00000, GSI 0-23
[    0.000000] ACPI: INT_SRC_OVR (bus 0 bus_irq 0 global_irq 2 dfl dfl)
[    0.000000] ACPI: INT_SRC_OVR (bus 0 bus_irq 9 global_irq 9 high level)
[    0.000000] Using ACPI (MADT) for SMP configuration information
[    0.000000] smpboot: Allowing 2 CPUs, 0 hotplug CPUs
[    0.000000] PM: Registered nosave memory: [mem 0x00000000-0x00000fff]
[    0.000000] PM: Registered nosave memory: [mem 0x0009f000-0x0009ffff]
[    0.000000] PM: Registered nosave memory: [mem 0x000a0000-0x000effff]
[    0.000000] PM: Registered nosave memory: [mem 0x000f0000-0x000fffff]
[    0.000000] e820: [mem 0xc1800000-0xfebfffff] available for PCI devices
[    0.000000] Booting paravirtualized kernel on KVM
[    0.000000] clocksource: refined-jiffies: mask: 0xffffffff max_cycles: 0xffffffff, max_idle_ns: 7645519600211568 ns
[    0.000000] setup_percpu: NR_CPUS:512 nr_cpumask_bits:512 nr_cpu_ids:2 nr_node_ids:1
[    0.000000] PERCPU: Embedded 33 pages/cpu @ffff8800c1200000 s98264 r8192 d28712 u1048576
[    0.000000] PV qspinlock hash table entries: 256 (order: 0, 4096 bytes)
[    0.000000] Built 1 zonelists in Node order, mobility grouping on.  Total pages: 780057
[    0.000000] Policy zone: DMA32
[    0.000000] Kernel command line: BOOT_IMAGE=/boot/vmlinuz-4.4.0-92-generic root=LABEL=cloudimg-rootfs ro console=tty1 console=ttyS0
[    0.000000] PID hash table entries: 4096 (order: 3, 32768 bytes)
[    0.000000] Memory: 3088664K/3169848K available (8474K kernel code, 1294K rwdata, 3984K rodata, 1488K init, 1316K bss, 81184K reserved, 0K cma-reserved)
[    0.000000] SLUB: HWalign=64, Order=0-3, MinObjects=0, CPUs=2, Nodes=1
[    0.000000] Hierarchical RCU implementation.
[    0.000000] 	Build-time adjustment of leaf fanout to 64.
[    0.000000] 	RCU restricting CPUs from NR_CPUS=512 to nr_cpu_ids=2.
[    0.000000] RCU: Adjusting geometry for rcu_fanout_leaf=64, nr_cpu_ids=2
[    0.000000] NR_IRQS:33024 nr_irqs:440 16
[    0.000000] Console: colour VGA+ 80x25
[    0.000000] console [tty1] enabled
[    0.000000] console [ttyS0] enabled
[    0.000000] tsc: Detected 2594.030 MHz processor
[    0.595146] Calibrating delay loop (skipped) preset value.. 5188.06 BogoMIPS (lpj=10376120)
[    0.596587] pid_max: default: 32768 minimum: 301
[    0.597346] ACPI: Core revision 20150930
[    0.598997] ACPI: 2 ACPI AML tables successfully acquired and loaded
[    0.600110] Security Framework initialized
[    0.600821] Yama: becoming mindful.
[    0.601471] AppArmor: AppArmor initialized
[    0.602861] Dentry cache hash table entries: 524288 (order: 10, 4194304 bytes)
[    0.649526] Inode-cache hash table entries: 262144 (order: 9, 2097152 bytes)
[    0.659071] Mount-cache hash table entries: 8192 (order: 4, 65536 bytes)
[    0.665138] Mountpoint-cache hash table entries: 8192 (order: 4, 65536 bytes)
[    0.672274] Initializing cgroup subsys io
[    0.678785] Initializing cgroup subsys memory
[    0.693620] Initializing cgroup subsys devices
[    0.694370] Initializing cgroup subsys freezer
[    0.708487] Initializing cgroup subsys net_cls
[    0.709237] Initializing cgroup subsys perf_event
[    0.720521] Initializing cgroup subsys net_prio
[    0.721277] Initializing cgroup subsys hugetlb
[    0.722022] Initializing cgroup subsys pids
[    0.722866] CPU: Physical Processor ID: 0
[    0.723573] CPU: Processor Core ID: 0
[    0.724530] mce: CPU supports 0 MCE banks
[    0.725236] Last level iTLB entries: 4KB 512, 2MB 8, 4MB 8
[    0.733580] Last level dTLB entries: 4KB 512, 2MB 32, 4MB 32, 1GB 0
[    0.736515] Freeing SMP alternatives memory: 32K (ffffffff820b9000 - ffffffff820c1000)
[    0.746199] ftrace: allocating 32131 entries in 126 pages
[    0.822306] smpboot: APIC(0) Converting physical 0 to logical package 0
[    0.880290] smpboot: Max logical packages: 1
[    0.886632] x2apic enabled
[    0.924094] Switched APIC routing to physical x2apic.
[    0.935049] ..TIMER: vector=0x30 apic1=0 pin1=2 apic2=-1 pin2=-1
[    1.042209] smpboot: CPU0: Intel(R) Core(TM) i5-3320M CPU @ 2.60GHz (family: 0x6, model: 0x3a, stepping: 0x9)
[    1.067095] Performance Events: unsupported p6 CPU model 58 no PMU driver, software events only.
[    1.120030] KVM setup paravirtual spinlock
[    1.168060] x86: Booting SMP configuration:
[    1.186998] .... node  #0, CPUs:      #1
[    1.189670] kvm-clock: cpu 1, msr 0:c17e3041, secondary cpu clock
[    1.190971] mce: CPU supports 0 MCE banks
[    1.195519] x86: Booted up 1 node, 2 CPUs
[    1.230139] smpboot: Total of 2 processors activated (10376.12 BogoMIPS)
[    1.251986] devtmpfs: initialized
[    1.272585] evm: security.selinux
[    1.299195] evm: security.SMACK64
[    1.300887] evm: security.SMACK64EXEC
[    1.301535] evm: security.SMACK64TRANSMUTE
[    1.302224] evm: security.SMACK64MMAP
[    1.305028] evm: security.ima
[    1.305605] evm: security.capability
[    1.306458] clocksource: jiffies: mask: 0xffffffff max_cycles: 0xffffffff, max_idle_ns: 7645041785100000 ns
[    1.360264] futex hash table entries: 512 (order: 3, 32768 bytes)
[    1.361379] pinctrl core: initialized pinctrl subsystem
[    1.391825] RTC time: 15:41:06, date: 08/17/17
[    1.439288] NET: Registered protocol family 16
[    1.462937] cpuidle: using governor ladder
[    1.494403] cpuidle: using governor menu
[    1.503015] PCCT header not found.
[    1.511058] ACPI: bus type PCI registered
[    1.522861] acpiphp: ACPI Hot Plug PCI Controller Driver version: 0.5
[    1.535985] PCI: Using configuration type 1 for base access
[    1.567944] ACPI: Added _OSI(Module Device)
[    1.574771] ACPI: Added _OSI(Processor Device)
[    1.608656] ACPI: Added _OSI(3.0 _SCP Extensions)
[    1.646466] ACPI: Added _OSI(Processor Aggregator Device)
[    1.666815] ACPI: Executed 1 blocks of module-level executable AML code
[    1.692693] ACPI: Interpreter enabled
[    1.700918] ACPI: (supports S0 S5)
[    1.703363] ACPI: Using IOAPIC for interrupt routing
[    1.704623] PCI: Using host bridge windows from ACPI; if necessary, use "pci=nocrs" and report a bug
[    1.712026] ACPI: PCI Root Bridge [PCI0] (domain 0000 [bus 00-ff])
[    1.718776] acpi PNP0A03:00: _OSC: OS supports [ASPM ClockPM Segments MSI]
[    1.721231] acpi PNP0A03:00: _OSC failed (AE_NOT_FOUND); disabling ASPM
[    1.722508] acpi PNP0A03:00: fail to add MMCONFIG information, can't access extended PCI configuration space under this bridge.
[    1.725115] PCI host bridge to bus 0000:00
[    1.727236] pci_bus 0000:00: root bus resource [io  0x0000-0x0cf7 window]
[    1.728590] pci_bus 0000:00: root bus resource [io  0x0d00-0xffff window]
[    1.729925] pci_bus 0000:00: root bus resource [mem 0x000a0000-0x000bffff window]
[    1.731544] pci_bus 0000:00: root bus resource [mem 0xc1800000-0xffdfffff window]
[    1.733174] pci_bus 0000:00: root bus resource [bus 00-ff]
[    1.735629] pci 0000:00:01.1: legacy IDE quirk: reg 0x10: [io  0x01f0-0x01f7]
[    1.748241] pci 0000:00:01.1: legacy IDE quirk: reg 0x14: [io  0x03f6]
[    1.749542] pci 0000:00:01.1: legacy IDE quirk: reg 0x18: [io  0x0170-0x0177]
[    1.750915] pci 0000:00:01.1: legacy IDE quirk: reg 0x1c: [io  0x0376]
[    1.793837] pci 0000:00:07.0: quirk: [io  0x4000-0x403f] claimed by PIIX4 ACPI
[    1.800908] pci 0000:00:07.0: quirk: [io  0x4100-0x410f] claimed by PIIX4 SMB
[    1.882014] ACPI: PCI Interrupt Link [LNKA] (IRQs 5 9 10 *11)
[    1.897693] ACPI: PCI Interrupt Link [LNKB] (IRQs 5 9 10 *11)
[    1.912610] ACPI: PCI Interrupt Link [LNKC] (IRQs 5 9 *10 11)
[    1.919355] ACPI: PCI Interrupt Link [LNKD] (IRQs 5 *9 10 11)
[    1.964670] ACPI: Enabled 2 GPEs in block 00 to 07
[    1.979876] vgaarb: setting as boot device: PCI:0000:00:02.0
[    2.035234] vgaarb: device added: PCI:0000:00:02.0,decodes=io+mem,owns=io+mem,locks=none
[    2.061173] vgaarb: loaded
[    2.067587] vgaarb: bridge control possible 0000:00:02.0
[    2.099420] SCSI subsystem initialized
[    2.135891] ACPI: bus type USB registered
[    2.175099] usbcore: registered new interface driver usbfs
[    2.180625] usbcore: registered new interface driver hub
[    2.181490] usbcore: registered new device driver usb
[    2.224121] PCI: Using ACPI for IRQ routing
[    2.267678] NetLabel: Initializing
[    2.302861] NetLabel:  domain hash size = 128
[    2.312233] NetLabel:  protocols = UNLABELED CIPSOv4
[    2.314114] NetLabel:  unlabeled traffic allowed by default
[    2.320466] amd_nb: Cannot enumerate AMD northbridges
[    2.333622] clocksource: Switched to clocksource kvm-clock
[    2.341314] AppArmor: AppArmor Filesystem Enabled
[    2.399347] pnp: PnP ACPI init
[    2.435280] pnp: PnP ACPI: found 3 devices
[    2.475306] clocksource: acpi_pm: mask: 0xffffff max_cycles: 0xffffff, max_idle_ns: 2085701024 ns
[    2.482670] NET: Registered protocol family 2
[    2.483802] TCP established hash table entries: 32768 (order: 6, 262144 bytes)
[    2.487393] TCP bind hash table entries: 32768 (order: 7, 524288 bytes)
[    2.489877] TCP: Hash tables configured (established 32768 bind 32768)
[    2.491232] UDP hash table entries: 2048 (order: 4, 65536 bytes)
[    2.492503] UDP-Lite hash table entries: 2048 (order: 4, 65536 bytes)
[    2.493908] NET: Registered protocol family 1
[    2.505172] pci 0000:00:00.0: Limiting direct PCI/PCI transfers
[    2.515657] pci 0000:00:01.0: Activating ISA DMA hang workarounds
[    2.522311] Unpacking initramfs...
[    4.266278] Freeing initrd memory: 10828K (ffff880036aca000 - ffff88003755d000)
[    4.311588] RAPL PMU detected, API unit is 2^-32 Joules, 3 fixed counters 10737418240 ms ovfl timer
[    4.313044] hw unit of domain pp0-core 2^-0 Joules
[    4.355309] hw unit of domain package 2^-0 Joules
[    4.412419] hw unit of domain pp1-gpu 2^-0 Joules
[    4.427167] platform rtc_cmos: registered platform RTC device (no PNP device found)
[    4.463650] Scanning for low memory corruption every 60 seconds
[    4.530128] audit: initializing netlink subsys (disabled)
[    4.544532] audit: type=2000 audit(1502984472.348:1): initialized
[    4.599448] Initialise system trusted keyring
[    4.615310] HugeTLB registered 2 MB page size, pre-allocated 0 pages
[    4.645233] zbud: loaded
[    4.651209] VFS: Disk quotas dquot_6.6.0
[    4.652566] VFS: Dquot-cache hash table entries: 512 (order 0, 4096 bytes)
[    4.660726] squashfs: version 4.0 (2009/01/31) Phillip Lougher
[    4.704579] fuse init (API version 7.23)
[    4.707242] Key type big_key registered
[    4.707952] Allocating IMA MOK and blacklist keyrings.
[    4.710208] Key type asymmetric registered
[    4.794139] Asymmetric key parser 'x509' registered
[    4.874115] Block layer SCSI generic (bsg) driver version 0.4 loaded (major 249)
[    4.894785] io scheduler noop registered
[    5.003844] io scheduler deadline registered (default)
[    5.004739] io scheduler cfq registered
[    5.005537] pci_hotplug: PCI Hot Plug PCI Core version: 0.5
[    5.044332] pciehp: PCI Express Hot Plug Controller Driver version: 0.4
[    5.294167] ACPI: AC Adapter [AC] (on-line)
[    5.294954] input: Power Button as /devices/LNXSYSTM:00/LNXPWRBN:00/input/input0
[    5.296225] ACPI: Power Button [PWRF]
[    5.363921] input: Sleep Button as /devices/LNXSYSTM:00/LNXSLPBN:00/input/input1
[    5.426326] tsc: Refined TSC clocksource calibration: 2592.977 MHz
[    5.426328] clocksource: tsc: mask: 0xffffffffffffffff max_cycles: 0x256051b3839, max_idle_ns: 440795316601 ns
[    5.625405] ACPI: Sleep Button [SLPF]
[    5.626885] ACPI: Battery Slot [BAT0] (battery present)
[    5.684302] GHES: HEST is not enabled!
[    5.685115] Serial: 8250/16550 driver, 32 ports, IRQ sharing enabled
[    5.875994] 00:02: ttyS0 at I/O 0x3f8 (irq = 4, base_baud = 115200) is a 16550A
[    5.905801] Linux agpgart interface v0.103
[    5.916607] loop: module loaded
[    5.963075] scsi host0: ata_piix
[    5.969267] scsi host1: ata_piix
[    5.969987] ata1: PATA max UDMA/33 cmd 0x1f0 ctl 0x3f6 bmdma 0xd000 irq 14
[    6.111185] ata2: PATA max UDMA/33 cmd 0x170 ctl 0x376 bmdma 0xd008 irq 15
[    6.203443] libphy: Fixed MDIO Bus: probed
[    6.268821] tun: Universal TUN/TAP device driver, 1.6
[    6.279496] tun: (C) 1999-2004 Max Krasnyansky <maxk@qualcomm.com>
[    6.280915] PPP generic driver version 2.4.2
[    6.294137] ehci_hcd: USB 2.0 'Enhanced' Host Controller (EHCI) Driver
[    6.295137] ehci-pci: EHCI PCI platform driver
[    6.295914] ehci-platform: EHCI generic platform driver
[    6.296754] ohci_hcd: USB 1.1 'Open' Host Controller (OHCI) Driver
[    6.297690] ohci-pci: OHCI PCI platform driver
[    6.423827] ohci-platform: OHCI generic platform driver
[    6.583903] uhci_hcd: USB Universal Host Controller Interface driver
[    6.684270] i8042: PNP: PS/2 Controller [PNP0303:PS2K,PNP0f03:PS2M] at 0x60,0x64 irq 1,12
[    6.687980] serio: i8042 KBD port at 0x60,0x64 irq 1
[    6.883727] serio: i8042 AUX port at 0x60,0x64 irq 12
[    6.991362] mousedev: PS/2 mouse device common for all mice
[    7.006320] input: AT Translated Set 2 keyboard as /devices/platform/i8042/serio0/input/input2
[    7.284109] rtc_cmos rtc_cmos: rtc core: registered rtc_cmos as rtc0
[    7.334017] rtc_cmos rtc_cmos: alarms up to one day, 114 bytes nvram
[    7.336056] i2c /dev entries driver
[    7.336766] device-mapper: uevent: version 1.0.3
[    7.337707] device-mapper: ioctl: 4.34.0-ioctl (2015-10-28) initialised: dm-devel@redhat.com
[    7.395099] ledtrig-cpu: registered to indicate activity on CPUs
[    7.446831] NET: Registered protocol family 10
[    7.471791] NET: Registered protocol family 17
[    7.478180] Key type dns_resolver registered
[    7.481020] microcode: CPU0 sig=0x306a9, pf=0x2, revision=0x19
[    7.490269] microcode: CPU1 sig=0x306a9, pf=0x2, revision=0x19
[    7.494278] microcode: Microcode Update Driver: v2.01 <tigran@aivazian.fsnet.co.uk>, Peter Oruba
[    7.496659] registered taskstats version 1
[    7.518104] Loading compiled-in X.509 certificates
[    7.544733] Loaded X.509 cert 'Build time autogenerated kernel key: 01a2b0d0dba8d37a863918580fc16590a7d146c8'
[    7.546346] zswap: loaded using pool lzo/zbud
[    7.556441] Key type trusted registered
[    7.568139] Key type encrypted registered
[    7.609019] AppArmor: AppArmor sha1 policy hashing enabled
[    7.624109] ima: No TPM chip found, activating TPM-bypass!
[    7.634432] evm: HMAC attrs: 0x1
[    7.635663]   Magic number: 13:14:690
[    7.638530] mem mem: hash matches
[    7.639416] rtc_cmos rtc_cmos: setting system clock to 2017-08-17 15:41:12 UTC (1502984472)
[    7.641366] BIOS EDD facility v0.16 2004-Jun-25, 0 devices found
[    7.642599] EDD information not available.
[    7.644810] Freeing unused kernel memory: 1488K (ffffffff81f45000 - ffffffff820b9000)
[    7.652061] Write protecting the kernel read-only data: 14336k
[    7.653854] Freeing unused kernel memory: 1752K (ffff88000184a000 - ffff880001a00000)
[    7.657290] Freeing unused kernel memory: 112K (ffff880001de4000 - ffff880001e00000)
Loading, please wait...
starting version[    7.684754] random: systemd-udevd: uninitialized urandom read (16 bytes read, 2 bits of entropy available)
 229
[    7.685571] random: udevadm: uninitialized urandom read (16 bytes read, 2 bits of entropy available)
[    7.685645] random: udevadm: uninitialized urandom read (16 bytes read, 2 bits of entropy available)
[    7.685939] random: udevadm: uninitialized urandom read (16 bytes read, 2 bits of entropy available)
[    7.686000] random: udevadm: uninitialized urandom read (16 bytes read, 2 bits of entropy available)
[    7.686070] random: udevadm: uninitialized urandom read (16 bytes read, 2 bits of entropy available)
[    7.686130] random: udevadm: uninitialized urandom read (16 bytes read, 2 bits of entropy available)
[    7.686191] random: udevadm: uninitialized urandom read (16 bytes read, 2 bits of entropy available)
[    7.686250] random: udevadm: uninitialized urandom read (16 bytes read, 2 bits of entropy available)
[    7.686306] random: udevadm: uninitialized urandom read (16 bytes read, 2 bits of entropy available)
[    7.800728] e1000: Intel(R) PRO/1000 Network Driver - version 7.3.21-k8-NAPI
[    7.814730] e1000: Copyright (c) 1999-2006 Intel Corporation.
[    7.819114] Fusion MPT base driver 3.04.20
[    7.842087] Copyright (c) 1999-2008 LSI Corporation
[    7.859012] Fusion MPT SPI Host driver 3.04.20
[    7.879718] AVX version of gcm_enc/dec engaged.
[    7.893981] AES CTR mode by8 optimization enabled
[    8.098641] input: ImExPS/2 Generic Explorer Mouse as /devices/platform/i8042/serio1/input/input4
[    8.233424] e1000 0000:00:03.0 eth0: (PCI:33MHz:32-bit) 02:2b:21:2a:21:0d
[    8.240060] e1000 0000:00:03.0 eth0: Intel(R) PRO/1000 Network Connection
[    8.584964] e1000 0000:00:08.0 eth1: (PCI:33MHz:32-bit) 08:00:27:03:4f:89
[    8.591627] e1000 0000:00:08.0 eth1: Intel(R) PRO/1000 Network Connection
[    8.593758] mptbase: ioc0: Initiating bringup
[    8.594257] e1000 0000:00:08.0 enp0s8: renamed from eth1
[    8.671044] e1000 0000:00:03.0 enp0s3: renamed from eth0
[    8.750522] ioc0: LSI53C1030 A0: Capabilities={Initiator}
[    9.038605] scsi host2: ioc0: LSI53C1030 A0, FwRev=00000000h, Ports=1, MaxQ=256, IRQ=20
[    9.178228] scsi 2:0:0:0: Direct-Access     VBOX     HARDDISK         1.0  PQ: 0 ANSI: 5
[    9.211715] scsi target2:0:0: Beginning Domain Validation
[    9.406906] scsi target2:0:0: Domain Validation skipping write tests
[    9.613804] scsi target2:0:0: Ending Domain Validation
[    9.913966] scsi target2:0:0: asynchronous
[   10.054848] scsi 2:0:1:0: Direct-Access     VBOX     HARDDISK         1.0  PQ: 0 ANSI: 5
[   10.094689] scsi target2:0:1: Beginning Domain Validation
[   10.097481] scsi target2:0:1: Domain Validation skipping write tests
[   10.100430] scsi target2:0:1: Ending Domain Validation
[   10.102398] scsi target2:0:1: asynchronous
[   10.209893] sd 2:0:0:0: Attached scsi generic sg0 type 0
[   10.260227] sd 2:0:0:0: [sda] 20971520 512-byte logical blocks: (10.7 GB/10.0 GiB)
[   10.447659] sd 2:0:1:0: Attached scsi generic sg1 type 0
[   10.448025] sd 2:0:1:0: [sdb] 20480 512-byte logical blocks: (10.5 MB/10.0 MiB)
[   10.448159] sd 2:0:1:0: [sdb] Write Protect is off
[   10.448249] sd 2:0:1:0: [sdb] Incomplete mode parameter data
[   10.448250] sd 2:0:1:0: [sdb] Assuming drive cache: write through
[   10.450601] sd 2:0:1:0: [sdb] Attached SCSI disk
[   10.539080] sd 2:0:0:0: [sda] Write Protect is off
[   10.539177] sd 2:0:0:0: [sda] Incomplete mode parameter data
[   10.539178] sd 2:0:0:0: [sda] Assuming drive cache: write through
[   10.540342]  sda: sda1
[   10.541022] sd 2:0:0:0: [sda] Attached SCSI disk
[   11.106172] floppy0: no floppy controllers found
[   11.106211] work still pending
Begin: Loading essential drivers ... [   12.777786] md: linear personality registered for level -1
[   12.782107] md: multipath personality registered for level -4
[   12.831270] md: raid0 personality registered for level 0
[   12.841312] md: raid1 personality registered for level 1
[   12.949680] raid6: sse2x1   gen()  7862 MB/s
[   13.125664] raid6: sse2x1   xor()  6542 MB/s
[   13.209661] raid6: sse2x2   gen() 10660 MB/s
[   13.285666] raid6: sse2x2   xor()  7586 MB/s
[   13.361659] raid6: sse2x4   gen() 12546 MB/s
[   13.453658] raid6: sse2x4   xor()  9190 MB/s
[   13.459664] raid6: using algorithm sse2x4 gen() 12546 MB/s
[   13.460518] raid6: .... xor() 9190 MB/s, rmw enabled
[   13.461301] raid6: using ssse3x2 recovery algorithm
[   13.466539] xor: automatically using best checksumming function:
[   13.545936]    avx       : 41588.000 MB/sec
[   13.568370] async_tx: api initialized (async)
[   13.603317] md: raid6 personality registered for level 6
[   13.610203] md: raid5 personality registered for level 5
[   13.611642] md: raid4 personality registered for level 4
[   13.619251] md: raid10 personality registered for level 10
done.
Begin: Running /scripts/init-premount ... done.
Begin: Mounting root file system ... Begin: Running /scripts/local-top ... done.
Begin: Running /scripts/local-premount ... [   13.672155] Btrfs loaded
Scanning for Btrfs filesystems
done.
Warning: fsck no[   13.725543] EXT4-fs (sda1): mounted filesystem with ordered data mode. Opts: (null)
t present, so skipping root file system
done.
Begin: Running /scripts/local-bottom ... done.
Begin: Running /scripts/init-bottom ... done.
[   13.952432] systemd[1]: systemd 229 running in system mode. (+PAM +AUDIT +SELINUX +IMA +APPARMOR +SMACK +SYSVINIT +UTMP +LIBCRYPTSETUP +GCRYPT +GNUTLS +ACL +XZ -LZ4 +SECCOMP +BLKID +ELFUTILS +KMOD -IDN)
[   14.085105] systemd[1]: Detected virtualization oracle.
[   14.203964] systemd[1]: Detected architecture x86-64.

Welcome to [1mUbuntu 16.04.3 LTS[0m!

[   14.226731] systemd[1]: Set hostname to <ubuntu>.
[   14.238587] systemd[1]: Initializing machine ID from random generator.
[   14.244689] systemd[1]: Installed transient /etc/machine-id file.
[   14.417524] systemd[1]: Listening on Journal Audit Socket.
[[0;32m  OK  [0m] Listening on Journal Audit Socket.
[   14.506950] systemd[1]: Listening on /dev/initctl Compatibility Named Pipe.
[[0;32m  OK  [0m] Listening on /dev/initctl Compatibility Named Pipe.
[   14.510794] systemd[1]: Listening on Journal Socket.
[[0;32m  OK  [0m] Listening on Journal Socket.
[   14.517503] systemd[1]: Listening on udev Kernel Socket.
[[0;32m  OK  [0m] Listening on udev Kernel Socket.
[   14.522303] systemd[1]: Started Trigger resolvconf update for networkd DNS.
[[0;32m  OK  [0m] Started Trigger resolvconf update for networkd DNS.
[   14.526033] systemd[1]: Reached target User and Group Name Lookups.
[[0;32m  OK  [0m] Reached target User and Group Name Lookups.
[   14.529928] systemd[1]: Created slice System Slice.
[[0;32m  OK  [0m] Created slice System Slice.
[   14.678010] systemd[1]: Mounting Huge Pages File System...
         Mounting Huge Pages File System...
[   14.730131] systemd[1]: Starting Load Kernel Modules...
         [   14.833376] Loading iSCSI transport class v2.0-870.
Starting Load Kernel Modules...
[   14.935210] systemd[1]: Starting Set console keymap...
         Starting Set con[   14.956038] iscsi: registered transport (tcp)
sole keymap...
[   14.997909] systemd[1]: Starting Remount Root and Kernel File Systems...
[   15.044283] iscsi: registered transport (iser)
[   15.027331] EXT4-fs (sda1): re-mounted. Opts: (null)
         Starting Remount Root and Kernel File Systems...
[   15.232955] systemd[1]: Starting Uncomplicated firewall...
[   15.233653] random: nonblocking pool is initialized
         Starting Uncomplicated firewall...
[   15.368968] systemd[1]: Created slice system-serial\x2dgetty.slice.
[[0;32m  OK  [0m] Created slice system-serial\x2dgetty.slice.
[   15.385936] systemd[1]: Starting Nameserver information manager...
         Starting Nameserver information manager...
[   15.425346] systemd[1]: Starting Create list of required static device nodes for the current kernel...
         Starting Create list of required st... nodes for the current kernel...
[   15.455576] systemd[1]: Created slice User and Session Slice.
[[0;32m  OK  [0m] Created slice User and Session Slice.
[   15.457580] systemd[1]: Reached target Swap.
[[0;32m  OK  [0m] Reached target Swap.
[   15.498033] systemd[1]: Reached target Slices.
[[0;32m  OK  [0m] Reached target Slices.
[   15.553892] systemd[1]: Mounting Debug File System...
         Mounting Debug File System...
[   15.607024] systemd[1]: Listening on Syslog Socket.
[[0;32m  OK  [0m] Listening on Syslog Socket.
[   15.609071] systemd[1]: Started Forward Password Requests to Wall Directory Watch.
[[0;32m  OK  [0m] Started Forward Password Requests to Wall Directory Watch.
[   15.667516] systemd[1]: Mounting POSIX Message Queue File System...
         Mounting POSIX Message Queue File System...
[   15.673347] systemd[1]: Listening on Device-mapper event daemon FIFOs.
[[0;32m  OK  [0m] Listening on Device-mapper event daemon FIFOs.
[   15.697580] systemd[1]: Set up automount Arbitrary Executable File Formats File System Automount Point.
[[0;32m  OK  [0m] Set up automount Arbitrary Executab...ats File System Automount Point.
[   15.735785] systemd[1]: Listening on Journal Socket (/dev/log).
[[0;32m  OK  [0m] Listening on Journal Socket (/dev/log).
[   15.749959] systemd[1]: Starting Journal Service...
         Starting Journal Service...
[   15.810081] systemd[1]: Reached target Encrypted Volumes.
[[0;32m  OK  [0m] Reached target Encrypted Volumes.
[   15.970338] systemd[1]: Listening on LVM2 metadata daemon socket.
[[0;32m  OK  [0m] Listening on LVM2 metadata daemon socket.
[   15.993987] systemd[1]: Starting Monitoring of LVM2 mirrors, snapshots etc. using dmeventd or progress polling...
         Starting Monitoring of LVM2 mirrors... dmeventd or progress polling...
[   16.050443] systemd[1]: Listening on udev Control Socket.
[[0;32m  OK  [0m] Listening on udev Control Socket.
[   16.056021] systemd[1]: Listening on LVM2 poll daemon socket.
[[0;32m  OK  [0m] Listening on LVM2 poll daemon socket.
[   16.075128] systemd[1]: Mounted POSIX Message Queue File System.
[[0;32m  OK  [0m] Mounted POSIX Message Queue File System.
[   16.101910] systemd[1]: Mounted Debug File System.
[[0;32m  OK  [0m] Mounted Debug File System.
[   16.129895] systemd[1]: Mounted Huge Pages File System.
[[0;32m  OK  [0m] Mounted Huge Pages File System.
[   16.206002] systemd[1]: Started Journal Service.
[[0;32m  OK  [0m] Started Journal Service.
[[0;32m  OK  [0m] Started Load Kernel Modules.
[[0;32m  OK  [0m] Started Set console keymap.
[[0;32m  OK  [0m] Started Remount Root and Kernel File Systems.
[[0;32m  OK  [0m] Started Uncomplicated firewall.
[[0;32m  OK  [0m] Started Create list of required sta...ce nodes for the current kernel.
[[0;32m  OK  [0m] Started Nameserver information manager.
[[0;32m  OK  [0m] Started LVM2 metadata daemon.
         Starting Create Static Device Nodes in /dev...
         Starting udev Coldplug all Devices...
         Starting Load/Save Random Seed...
         Starting Initial cloud-init job (pre-networking)...
         Mounting FUSE Control File System...
         Starting Apply Kernel Variables...
         Starting Flush Journal to Persistent Storage...
[[0;32m  OK  [0m] Mounted FUSE Control File System.
[[0;32m  OK  [0m] Started Create Static Device Nodes in /dev.
[[0;32m  OK  [0m] Started Load/Save Random Seed.
[[0;32m  OK  [0m] Started Apply Kernel Variables.
[[0;32m  OK  [0m] Started udev Coldplug all Devices.
         Starting udev Kernel Device Manager...
[[0;32m  OK  [0m] Started Monitoring of LVM2 mirrors,...ng dmeventd or progress polling.
[[0;32m  OK  [0m] Started Flush Journal to Persistent Storage.
[[0;32m  OK  [0m] Started udev Kernel Device Manager.
[[0;32m  OK  [0m] Started Dispatch Password Requests to Console Directory Watch.
[[0;32m  OK  [0m] Reached target Local File Systems (Pre).
[[0;32m  OK  [0m] Reached target Local File Systems.
         Starting Tell Plymouth To Write Out Runtime Data...
         Starting LSB: AppArmor initialization...
         Starting Set console font and keymap...
         Starting Commit a transient machine-id on disk...
         Starting Create Volatile Files and Directories...
[[0;32m  OK  [0m] Started Tell Plymouth To Write Out Runtime Data.
[[0;32m  OK  [0m] Started Commit a transient machine-id on disk.
[[0;32m  OK  [0m] Started Create Volatile Files and Directories.
[[0;32m  OK  [0m] Found device /dev/ttyS0.
[[0;32m  OK  [0m] Listening on Load/Save RF Kill Switch Status /dev/rfkill Watch.
         Starting Update UTMP about System Boot/Shutdown...
[[0;32m  OK  [0m] Reached target System Time Synchronized.
[[0;1;31mFAILED[0m] Failed to start Set console font and keymap.
See 'systemctl status console-setup.service' for details.
[[0;32m  OK  [0m] Started Initial cloud-init job (pre-networking).
[   16.251329] cloud-init[452]: Cloud-init v. 0.7.9 running 'init-local' at Thu, 17 Aug 2017 15:41:22 +0000. Up 15.70 seconds.
[[0;32m  OK  [0m] Reached target Network (Pre).
[[0;32m  OK  [0m] Created slice system-getty.slice.
[[0;32m  OK  [0m] Started Update UTMP about System Boot/Shutdown.
[[0;32m  OK  [0m] Started LSB: AppArmor initialization.
         Starting Raise network interfaces...
[[0;32m  OK  [0m] Started Raise network interfaces.
[[0;32m  OK  [0m] Reached target Network.
         Starting Initial cloud-init job (metadata service crawler)...
[   19.509900] cloud-init[918]: Cloud-init v. 0.7.9 running 'init' at Thu, 17 Aug 2017 15:41:25 +0000. Up 18.80 seconds.
[   19.513471] cloud-init[918]: ci-info: ++++++++++++++++++++++++++++++++++++++Net device info++++++++++++++++++++++++++++++++++++++
[   19.534838] cloud-init[918]: ci-info: +--------+-------+----------------------------+---------------+-------+-------------------+
[   19.543647] cloud-init[918]: ci-info: | Device |   Up  |          Address           |      Mask     | Scope |     Hw-Address    |
[   19.576442] cloud-init[918]: ci-info: +--------+-------+----------------------------+---------------+-------+-------------------+
[   19.576725] cloud-init[918]: ci-info: | enp0s8 | False |             .              |       .       |   .   | 08:00:27:03:4f:89 |
[[0;32m  OK  [0m] Started Initial cloud-init job (metadata service crawler).
[   19.577063] cloud-init[918]: ci-info: | enp0s3 |  True |         10.0.2.15          | 255.255.255.0 |   .   | 02:2b:21:2a:21:0d |
[   19.632994] cloud-init[918]: ci-info: | enp0s3 |  True | fe80::2b:21ff:fe2a:210d/64 |       .       |  link | 02:2b:21:2a:21:0d |
[   19.633626] cloud-init[918]: ci-info: |   lo   |  True |         127.0.0.1          |   255.0.0.0   |   .   |         .         |
[[0;32m  OK  [0m] Reached target Cloud-config availability.
[[   19.634060] cloud-init[918]: ci-info: |   lo   |  True |          ::1/128           |       .       |  host |         .         |
[   19.660001] cloud-init[918]: ci-info: +--------+-------+----------------------------+---------------+-------+-------------------+
[   19.660533] cloud-init[918]: ci-info: +++++++++++++++++++++++++++Route IPv4 info++++++++++++++++++++++++++++
[   19.660820] cloud-init[918]: ci-info: +-------+-------------+----------+---------------+-----------+-------+
[   19.661118] cloud-init[918]: ci-info: | Route | Destination | Gateway  |    Genmask    | Interface | Flags |
[   19.661376] cloud-init[918]: ci-info: +-------+-------------+----------+---------------+-----------+-------+
[   19.661663] cloud-init[918]: ci-info: |   0   |   0.0.0.0   | 10.0.2.2 |    0.0.0.0    |   enp0s3  |   UG  |
[0;32m  OK  [0m] Reached target Network is Online.
[   19.661953] cloud-init[918]: ci-info: |   1   |   10.0.2.0  | 0.0.0.0  | 255.255.255.0 |   enp0s3  |   U   |
[   19.678691] cloud-init[918]: ci-info: +-------+-------------+----------+---------------+-----------+-------+
[   19.681241] cloud-init[918]: Generating public/private rsa key pair.
[   19.681844] cloud-init[918]: Your identification has been saved in /etc/ssh/ssh_host_rsa_key.
[   19.681894] cloud-init[918]: Your public key has been saved in /etc/ssh/ssh_host_rsa_key.pub.
[   19.681936] cloud-init[918]: The key fingerprint is:
[   19.681980] cloud-init[918]: SHA256:JiTKYGnSGPNxyc3k9AaKvh879K8L7fy1kHEsHoYddQA root@ubuntu-xenial
[   19.682021] cloud-init[918]: The key's randomart image is:
[   19.682061] cloud-init[918]: +---[RSA 2048]----+
[   19.682102] cloud-init[918]: |o ...=+ E.o..    |
[   19.682142] cloud-init[918]: | *.+o+oo . .     |
[   19.682183] cloud-init[918]: |+++ o o +        |
[   19.682246] cloud-init[918]: |++ . o + o       |
[   19.682292] cloud-init[918]: |  +   o S o      |
[   19.682333] cloud-init[918]: |   ... = *       |
[   19.682373] cloud-init[918]: |  ..o.. + .      |
[   19.682414] cloud-init[918]: |   ..*.  o .     |
         Starting iSCSI initiator daemon (iscsid)...
[[   19.682481] cloud-init[918]: |    o.==o .      |
[   19.725356] cloud-init[918]: +----[SHA256]-----+
[0;32m  OK  [0m] Reached target System Initialization.
[   19.725628] cloud-init[918]: Generating public/private dsa key pair.
[   19.807227] cloud-init[918]: Your identification has been saved in /etc/ssh/ssh_host_dsa_key.
[   19.813816] cloud-init[918]: Your public key has been saved in /etc/ssh/ssh_host_dsa_key.pub.
[   19.864342] cloud-init[918]: The key fingerprint is:
[   19.864639] cloud-init[918]: SHA256:eH0NrvljStFGxeWuHoyrbCOVveby+gb25Oo4OUCLUAo root@ubuntu-xenial
         Starting LXD - unix socket.
[   19.864836] cloud-init[918]: The key's randomart image is:
[   19.876858] cloud-init[918]: +---[DSA 1024]----+
[   19.877070] cloud-init[918]: |             ....|
[[0;32m  OK  [0m] Started ACPI Events Check.
[   19.877249] cloud-init[918]: |E   .        ... |
[   19.890973] cloud-init[918]: | . o        o   .|
[   19.891119] cloud-init[918]: |  o   .. . + o . |
[   19.891298] cloud-init[918]: |   . o..S oo= . .|
[   19.891488] cloud-init[918]: |    . o.  =*oo . |
[[0;32m  OK  [0m] Reached target Paths.
[   19.891876] cloud-init[918]: |       . ++=..+  |
[[0;32m  OK  [0m] Started Timer to automatically refresh installed snaps.
[[   19.898308] cloud-init[918]: |        =++.Oo . |
[   19.905442] cloud-init[918]: |        .*B#*..  |
[   19.905568] cloud-init[918]: +----[SHA256]-----+
[   19.905759] cloud-init[918]: Generating public/private ecdsa key pair.
[   19.905938] cloud-init[918]: Your identification has been saved in /etc/ssh/ssh_host_ecdsa_key.
[   19.906173] cloud-init[918]: Your public key has been saved in /etc/ssh/ssh_host_ecdsa_key.pub.
[   19.906353] cloud-init[918]: The key fingerprint is:
[0;32m  OK  [0m] Listening on ACPID Listen Socket.
         Starting Socket activation for snappy daemon.
[   19.906535] cloud-init[918]: SHA256:jK4PB69AoObBIkpMyBk7dI3GSatS0rqX2kmrG38v0eg root@ubuntu-xenial
[   19.960288] cloud-init[918]: The key's randomart image is:
[   19.960602] cloud-init[918]: +---[ECDSA 256]---+
[[0;32m  OK  [0m] Started Daily apt download activities.
[   19.960699] cloud-init[918]: | ooo+            |
[[0;32m  OK  [0m] Started Daily apt upgrade and clean activities.
[[   19.984604] cloud-init[918]: |+.==..           |
[   19.993042] cloud-init[918]: |+*+.             |
[   19.993206] cloud-init[918]: |==o    o         |
[   19.993429] cloud-init[918]: |*B. .o. S        |
[   19.993631] cloud-init[918]: |Oo..o+.          |
[   19.994312] cloud-init[918]: |+.=...+          |
[   19.994512] cloud-init[918]: | B +E=           |
[   19.994724] cloud-init[918]: |+o=.o+o          |
[0;32m  OK  [0m] Started Daily Cleanup of Temporary Directories.
[   19.994947] cloud-init[918]: +----[SHA256]-----+
[   20.016126] cloud-init[918]: Generating public/private ed25519 key pair.
[[0;32m  OK  [0m] Reached target Timers.
[[   20.016440] cloud-init[918]: Your identification has been saved in /etc/ssh/ssh_host_ed25519_key.
[   20.021757] cloud-init[918]: Your public key has been saved in /etc/ssh/ssh_host_ed25519_key.pub.
[   20.021941] cloud-init[918]: The key fingerprint is:
[   20.022113] cloud-init[918]: SHA256:lb2LFk8MHmelhdYcWXgZ3GYrVE4coiO18jLlfz7LViI root@ubuntu-xenial
[   20.022299] cloud-init[918]: The key's randomart image is:
[   20.022487] cloud-init[918]: +--[ED25519 256]--+
[   20.022676] cloud-init[918]: |           . =BX*|
[   20.022877] cloud-init[918]: |          .o==O+=|
[   20.023062] cloud-init[918]: |         o=**  =.|
[   20.023249] cloud-init[918]: |         o**.o . |
[   20.023452] cloud-init[918]: |        Sooo+ .  |
[   20.023623] cloud-init[918]: |          o=E.. .|
[   20.023824] cloud-init[918]: |          o oo o.|
[   20.024004] cloud-init[918]: |         .    +o |
[   20.024396] cloud-init[918]: |              .+o|
[   20.024576] cloud-init[918]: +----[SHA256]-----+
[0;32m  OK  [0m] Listening on D-Bus System Message Bus Socket.
[[0;32m  OK  [0m] Listening on UUID daemon activation socket.
[[0;32m  OK  [0m] Listening on LXD - unix socket.
[[0;32m  OK  [0m] Listening on Socket activation for snappy daemon.
[[0;32m  OK  [0m] Started iSCSI initiator daemon (iscsid).
         Starting Login to default iSCSI targets...
[[0;32m  OK  [0m] Reached target Sockets.
[[0;32m  OK  [0m] Reached target Basic System.
         Starting LSB: MD monitoring daemon...
         Starting System Logging Service...
         Starting LSB: Record successful boot for GRUB...
[[0;32m  OK  [0m] Started Regular background program processing daemon.
[[0;32m  OK  [0m] Started Deferred execution scheduler.
         Starting Accounts Service...
         Starting Login Service...
         Starting Pollinate to seed the pseudo random number generator...
[[0;32m  OK  [0m] Started Unattended Upgrades Shutdown.
[[0;32m  OK  [0m] Started FUSE filesystem for LXC.
[[0;32m  OK  [0m] Started Snappy daemon.
         Starting Apply the settings specified in cloud-config...
[[0;32m  OK  [0m] Started D-Bus System Message Bus.
[[0;32m  OK  [0m] Started ACPI event daemon.
         Starting Auto import assertions from block devices...
         Starting /etc/rc.local Compatibility...
         Starting LXD - container startup/shutdown...
[[0;32m  OK  [0m] Started System Logging Service.
[[0;32m  OK  [0m] Started Auto import assertions from block devices.
[[0;32m  OK  [0m] Started Pollinate to seed the pseudo random number generator.
[[0;32m  OK  [0m] Started /etc/rc.local Compatibility.
[[0;32m  OK  [0m] Started LXD - container startup/shutdown.
[   21.054177] cloud-init[1087]: Generating locales (this might take a while)...
[[0;32m  OK  [0m] Started Login to default iSCSI targets.
[[0;32m  OK  [0m] Started LSB: MD monitoring daemon.
[[0;32m  OK  [0m] Started LSB: Record successful boot for GRUB.
[[0;32m  OK  [0m] Started Login Service.
         Starting Authenticate and Authorize Users to Run Privileged Tasks...
[[0;32m  OK  [0m] Reached target Remote File Systems (Pre).
[[0;32m  OK  [0m] Reached target Remote File Systems.
         Starting Permit User Sessions...
         Starting LSB: automatic crash report generation...
         Starting LSB: VirtualBox Linux Additions...
         Starting LSB: daemon to balance interrupts for SMP systems...
         Starting LSB: Set the CPU Frequency Scaling governor to "ondemand"...
         Starting OpenBSD Secure Shell server...
[[0;32m  OK  [0m] Started Permit User Sessions.
[[0;32m  OK  [0m] Started Authenticate and Authorize Users to Run Privileged Tasks.
[[0;32m  OK  [0m] Started Accounts Service.
[[0;32m  OK  [0m] Started OpenBSD Secure Shell server.
[[0;32m  OK  [0m] Started LSB: automatic crash report generation.
         Starting Hold until boot process finishes up...
         Starting Terminate Plymouth Boot Screen...
[[0;32m  OK  [0m] Started LSB: VirtualBox Linux Additions.
[[0;32m  OK  [0m] Started LSB: daemon to balance interrupts for SMP systems.
[[0;32m  OK  [0m] Started LSB: Set the CPU Frequency Scaling governor to "ondemand".
[[0;32m  OK  [0m] Started Hold until boot process finishes up.
[[0;32m  OK  [0m] Started Terminate Plymouth Boot Screen.
         Starting Set console scheme...
[[0;32m  OK  [0m] Started Getty on tty1.
[[0;32m  OK  [0m] Started Serial Getty on ttyS0.
[[0;32m  OK  [0m] Reached target Login Prompts.
[[0;32m  OK  [0m] Reached target Multi-User System.
[[0;32m  OK  [0m] Reached target Graphical Interface.
[   21.956397] cloud-init[1087]:   en_US.UTF-8... done
         Starting Update UTMP about System Runlevel Changes...
[   22.067130] cloud-init[1087]: Generation complete.
[[0;32m  OK  [0m] Started Set console scheme.
[[0;32m  OK  [0m] Started Update UTMP about System Runlevel Changes.
         Stopping OpenBSD Secure Shell server...
[[0;32m  OK  [0m] Stopped OpenBSD Secure Shell server.
         Starting OpenBSD Secure Shell server...
[[0;32m  OK  [0m] Started OpenBSD Secure Shell server.
[   22.625400] cloud-init[1087]: Cloud-init v. 0.7.9 running 'modules:config' at Thu, 17 Aug 2017 15:41:27 +0000. Up 20.94 seconds.
[[0;32m  OK  [0m] Started Apply the settings specified in cloud-config.
         Starting Execute cloud user/final scripts...
ci-info: no authorized ssh keys fingerprints found for user ubuntu.
<14>Aug 17 15:41:29 ec2: 
<14>Aug 17 15:41:29 ec2: #############################################################
<14>Aug 17 15:41:29 ec2: -----BEGIN SSH HOST KEY FINGERPRINTS-----
<14>Aug 17 15:41:29 ec2: 1024 SHA256:eH0NrvljStFGxeWuHoyrbCOVveby+gb25Oo4OUCLUAo root@ubuntu-xenial (DSA)
<14>Aug 17 15:41:29 ec2: 256 SHA256:jK4PB69AoObBIkpMyBk7dI3GSatS0rqX2kmrG38v0eg root@ubuntu-xenial (ECDSA)
<14>Aug 17 15:41:29 ec2: 256 SHA256:lb2LFk8MHmelhdYcWXgZ3GYrVE4coiO18jLlfz7LViI root@ubuntu-xenial (ED25519)
<14>Aug 17 15:41:29 ec2: 2048 SHA256:JiTKYGnSGPNxyc3k9AaKvh879K8L7fy1kHEsHoYddQA root@ubuntu-xenial (RSA)
<14>Aug 17 15:41:29 ec2: -----END SSH HOST KEY FINGERPRINTS-----
<14>Aug 17 15:41:29 ec2: #############################################################
-----BEGIN SSH HOST KEY KEYS-----
ecdsa-sha2-nistp256 AAAAE2VjZHNhLXNoYTItbmlzdHAyNTYAAAAIbmlzdHAyNTYAAABBBHmxvNufiKVJarcQGoZBZOcDLvU57ohOVgYZYHrN5GDDgdwAjbpabJ9NmxCjFwuwBxInbIa++RQtK531PehpnNM= root@ubuntu-xenial
ssh-ed25519 AAAAC3NzaC1lZDI1NTE5AAAAILWf6VAmnKo3XFcntpmM7GzWK1uY9wWHAAyyoxXY2xGZ root@ubuntu-xenial
ssh-rsa AAAAB3NzaC1yc2EAAAADAQABAAABAQDY1WPibr5W5IjsP1sZ5ZX0p9LJftRyfEmVOsvFjNlTBRF8aarByeukL/AkTR/bEap1tJt9fQJweq39b82PY66DK9zCZc4jRUjK3JFXlAkojZ7gi5aCEAcWzdQQggpyU592PDHSlGEkdNRYSCeNZjTOqQkfH6B/RyLn9jTv/ID0ShJozwSkn9l+u+i1RH09k/+2lBKWXqR8FaahlgDxfEiSkYwH9QoWxsZOZke66hijNjTaEL3jZbeRkz6f5EPxSgRpD66DPOemA23y2e62ao9Acrua0ub4ukP0iYbp45nMNKC0++izf8nPWgegZ0dMulAwURZiV1E12A9yHLwxY9Vf root@ubuntu-xenial
-----END SSH HOST KEY KEYS-----
[   23.444057] cloud-init[1282]: Cloud-init v. 0.7.9 running 'modules:final' at Thu, 17 Aug 2017 15:41:29 +0000. Up 23.07 seconds.
[   23.476566] cloud-init[1282]: ci-info: no authorized ssh keys fingerprints found for user ubuntu.
[   23.508095] cloud-init[1282]: Cloud-init v. 0.7.9 finished at Thu, 17 Aug 2017 15:41:30 +0000. Datasource DataSourceNoCloud [seed=/dev/sdb][dsmode=net].  Up 23.43 seconds
[[0;32m  OK  [0m] Started Execute cloud user/final scripts.
[[0;32m  OK  [0m] Reached target Cloud-init target.

Ubuntu 16.04.3 LTS ubuntu-xenial ttyS0

ubuntu-xenial login: 